déc. 06, 2020 12:03:50 AM hudson.model.AsyncPeriodicWork lambda$doRun$0
INFO: Started Periodic background build discarder
déc. 06, 2020 12:03:50 AM hudson.model.AsyncPeriodicWork lambda$doRun$0
INFO: Finished Periodic background build discarder. 2 ms
déc. 06, 2020 1:03:50 AM hudson.model.AsyncPeriodicWork lambda$doRun$0
INFO: Started Periodic background build discarder
déc. 06, 2020 1:03:50 AM hudson.model.AsyncPeriodicWork lambda$doRun$0
INFO: Finished Periodic background build discarder. 2 ms
déc. 06, 2020 2:03:50 AM hudson.model.AsyncPeriodicWork lambda$doRun$0
INFO: Started Periodic background build discarder
déc. 06, 2020 2:03:50 AM hudson.model.AsyncPeriodicWork lambda$doRun$0
INFO: Finished Periodic background build discarder. 1 ms
déc. 06, 2020 3:03:51 AM hudson.model.AsyncPeriodicWork lambda$doRun$0
INFO: Started Periodic background build discarder
déc. 06, 2020 3:03:51 AM hudson.model.AsyncPeriodicWork lambda$doRun$0
INFO: Finished Periodic background build discarder. 2 ms
déc. 06, 2020 4:03:51 AM hudson.model.AsyncPeriodicWork lambda$doRun$0
INFO: Started Periodic background build discarder
déc. 06, 2020 4:03:51 AM hudson.model.AsyncPeriodicWork lambda$doRun$0
INFO: Finished Periodic background build discarder. 2 ms
déc. 06, 2020 4:35:15 AM hudson.model.AsyncPeriodicWork lambda$doRun$0
INFO: Started telemetry collection
déc. 06, 2020 4:35:15 AM hudson.model.AsyncPeriodicWork lambda$doRun$0
INFO: Finished telemetry collection. 5 ms
déc. 06, 2020 5:03:51 AM hudson.model.AsyncPeriodicWork lambda$doRun$0
INFO: Started Periodic background build discarder
déc. 06, 2020 5:03:51 AM hudson.model.AsyncPeriodicWork lambda$doRun$0
INFO: Finished Periodic background build discarder. 2 ms
déc. 06, 2020 6:03:51 AM hudson.model.AsyncPeriodicWork lambda$doRun$0
INFO: Started Periodic background build discarder
déc. 06, 2020 6:03:51 AM hudson.model.AsyncPeriodicWork lambda$doRun$0
INFO: Finished Periodic background build discarder. 2 ms
déc. 06, 2020 7:03:51 AM hudson.model.AsyncPeriodicWork lambda$doRun$0
INFO: Started Periodic background build discarder
déc. 06, 2020 7:03:51 AM hudson.model.AsyncPeriodicWork lambda$doRun$0
INFO: Finished Periodic background build discarder. 1 ms
déc. 06, 2020 7:55:48 AM hudson.model.AsyncPeriodicWork lambda$doRun$0
INFO: Started Workspace clean-up
déc. 06, 2020 7:55:48 AM hudson.model.AsyncPeriodicWork lambda$doRun$0
INFO: Finished Workspace clean-up. 12 ms
déc. 06, 2020 8:03:51 AM hudson.model.AsyncPeriodicWork lambda$doRun$0
INFO: Started Periodic background build discarder
déc. 06, 2020 8:03:51 AM hudson.model.AsyncPeriodicWork lambda$doRun$0
INFO: Finished Periodic background build discarder. 1 ms
déc. 06, 2020 9:03:51 AM hudson.model.AsyncPeriodicWork lambda$doRun$0
INFO: Started Periodic background build discarder
déc. 06, 2020 9:03:51 AM hudson.model.AsyncPeriodicWork lambda$doRun$0
INFO: Finished Periodic background build discarder. 1 ms
déc. 06, 2020 10:03:51 AM hudson.model.AsyncPeriodicWork lambda$doRun$0
INFO: Started Periodic background build discarder
déc. 06, 2020 10:03:51 AM hudson.model.AsyncPeriodicWork lambda$doRun$0
INFO: Finished Periodic background build discarder. 1 ms
déc. 06, 2020 11:03:51 AM hudson.model.AsyncPeriodicWork lambda$doRun$0
INFO: Started Periodic background build discarder
déc. 06, 2020 11:03:51 AM hudson.model.AsyncPeriodicWork lambda$doRun$0
INFO: Finished Periodic background build discarder. 2 ms
déc. 06, 2020 12:03:51 PM hudson.model.AsyncPeriodicWork lambda$doRun$0
INFO: Started Periodic background build discarder
déc. 06, 2020 12:03:51 PM hudson.model.AsyncPeriodicWork lambda$doRun$0
INFO: Finished Periodic background build discarder. 1 ms
déc. 06, 2020 1:03:51 PM hudson.model.AsyncPeriodicWork lambda$doRun$0
INFO: Started Periodic background build discarder
déc. 06, 2020 1:03:51 PM hudson.model.AsyncPeriodicWork lambda$doRun$0
INFO: Finished Periodic background build discarder. 1 ms
déc. 06, 2020 2:03:51 PM hudson.model.AsyncPeriodicWork lambda$doRun$0
INFO: Started Periodic background build discarder
déc. 06, 2020 2:03:51 PM hudson.model.AsyncPeriodicWork lambda$doRun$0
INFO: Finished Periodic background build discarder. 1 ms
déc. 06, 2020 3:03:51 PM hudson.model.AsyncPeriodicWork lambda$doRun$0
INFO: Started Periodic background build discarder
déc. 06, 2020 3:03:51 PM hudson.model.AsyncPeriodicWork lambda$doRun$0
INFO: Finished Periodic background build discarder. 2 ms
déc. 06, 2020 4:03:51 PM hudson.model.AsyncPeriodicWork lambda$doRun$0
INFO: Started Periodic background build discarder
déc. 06, 2020 4:03:51 PM hudson.model.AsyncPeriodicWork lambda$doRun$0
INFO: Finished Periodic background build discarder. 2 ms
déc. 06, 2020 4:55:09 PM hudson.model.AsyncPeriodicWork lambda$doRun$0
INFO: Started Download metadata
déc. 06, 2020 4:55:09 PM hudson.util.Retrier start
INFO: Attempt #1 to do the action check updates server
déc. 06, 2020 4:55:17 PM hudson.model.DownloadService$Downloadable load
INFO: Obtained the updated data file for hudson.tasks.Maven.MavenInstaller
déc. 06, 2020 4:55:17 PM hudson.model.DownloadService$Downloadable load
INFO: Obtained the updated data file for hudson.tasks.Ant.AntInstaller
déc. 06, 2020 4:55:17 PM hudson.model.DownloadService$Downloadable load
INFO: Obtained the updated data file for hudson.tools.JDKInstaller
déc. 06, 2020 4:55:17 PM hudson.util.Retrier start
INFO: Performed the action check updates server successfully at the attempt #1
déc. 06, 2020 4:55:17 PM hudson.model.AsyncPeriodicWork lambda$doRun$0
INFO: Finished Download metadata. 8 253 ms
déc. 06, 2020 5:03:51 PM hudson.model.AsyncPeriodicWork lambda$doRun$0
INFO: Started Periodic background build discarder
déc. 06, 2020 5:03:52 PM hudson.model.AsyncPeriodicWork lambda$doRun$0
INFO: Finished Periodic background build discarder. 4 ms
déc. 06, 2020 6:03:51 PM hudson.model.AsyncPeriodicWork lambda$doRun$0
INFO: Started Periodic background build discarder
déc. 06, 2020 6:03:51 PM hudson.model.AsyncPeriodicWork lambda$doRun$0
INFO: Finished Periodic background build discarder. 2 ms
déc. 06, 2020 7:03:52 PM hudson.model.AsyncPeriodicWork lambda$doRun$0
INFO: Started Periodic background build discarder
déc. 06, 2020 7:03:52 PM hudson.model.AsyncPeriodicWork lambda$doRun$0
INFO: Finished Periodic background build discarder. 2 ms
déc. 06, 2020 8:03:52 PM hudson.model.AsyncPeriodicWork lambda$doRun$0
INFO: Started Periodic background build discarder
déc. 06, 2020 8:03:52 PM hudson.model.AsyncPeriodicWork lambda$doRun$0
INFO: Finished Periodic background build discarder. 1 ms
déc. 06, 2020 8:33:56 PM hudson.model.AsyncPeriodicWork lambda$doRun$0
INFO: Started Fingerprint cleanup
déc. 06, 2020 8:33:56 PM hudson.model.AsyncPeriodicWork lambda$doRun$0
INFO: Finished Fingerprint cleanup. 9 ms
déc. 06, 2020 9:03:52 PM hudson.model.AsyncPeriodicWork lambda$doRun$0
INFO: Started Periodic background build discarder
déc. 06, 2020 9:03:52 PM hudson.model.AsyncPeriodicWork lambda$doRun$0
INFO: Finished Periodic background build discarder. 2 ms
déc. 06, 2020 10:03:52 PM hudson.model.AsyncPeriodicWork lambda$doRun$0
INFO: Started Periodic background build discarder
déc. 06, 2020 10:03:52 PM hudson.model.AsyncPeriodicWork lambda$doRun$0
INFO: Finished Periodic background build discarder. 1 ms
déc. 06, 2020 11:03:52 PM hudson.model.AsyncPeriodicWork lambda$doRun$0
INFO: Started Periodic background build discarder
déc. 06, 2020 11:03:52 PM hudson.model.AsyncPeriodicWork lambda$doRun$0
INFO: Finished Periodic background build discarder. 2 ms
