nov. 29, 2020 12:03:38 AM hudson.model.AsyncPeriodicWork lambda$doRun$0
INFO: Started Periodic background build discarder
nov. 29, 2020 12:03:38 AM hudson.model.AsyncPeriodicWork lambda$doRun$0
INFO: Finished Periodic background build discarder. 0 ms
nov. 29, 2020 1:03:38 AM hudson.model.AsyncPeriodicWork lambda$doRun$0
INFO: Started Periodic background build discarder
nov. 29, 2020 1:03:38 AM hudson.model.AsyncPeriodicWork lambda$doRun$0
INFO: Finished Periodic background build discarder. 2 ms
nov. 29, 2020 2:03:39 AM hudson.model.AsyncPeriodicWork lambda$doRun$0
INFO: Started Periodic background build discarder
nov. 29, 2020 2:03:39 AM hudson.model.AsyncPeriodicWork lambda$doRun$0
INFO: Finished Periodic background build discarder. 1 ms
nov. 29, 2020 3:03:39 AM hudson.model.AsyncPeriodicWork lambda$doRun$0
INFO: Started Periodic background build discarder
nov. 29, 2020 3:03:39 AM hudson.model.AsyncPeriodicWork lambda$doRun$0
INFO: Finished Periodic background build discarder. 1 ms
nov. 29, 2020 4:03:39 AM hudson.model.AsyncPeriodicWork lambda$doRun$0
INFO: Started Periodic background build discarder
nov. 29, 2020 4:03:39 AM hudson.model.AsyncPeriodicWork lambda$doRun$0
INFO: Finished Periodic background build discarder. 0 ms
nov. 29, 2020 4:35:03 AM hudson.model.AsyncPeriodicWork lambda$doRun$0
INFO: Started telemetry collection
nov. 29, 2020 4:35:03 AM hudson.model.AsyncPeriodicWork lambda$doRun$0
INFO: Finished telemetry collection. 6 ms
nov. 29, 2020 5:03:39 AM hudson.model.AsyncPeriodicWork lambda$doRun$0
INFO: Started Periodic background build discarder
nov. 29, 2020 5:03:39 AM hudson.model.AsyncPeriodicWork lambda$doRun$0
INFO: Finished Periodic background build discarder. 1 ms
nov. 29, 2020 6:03:39 AM hudson.model.AsyncPeriodicWork lambda$doRun$0
INFO: Started Periodic background build discarder
nov. 29, 2020 6:03:39 AM hudson.model.AsyncPeriodicWork lambda$doRun$0
INFO: Finished Periodic background build discarder. 0 ms
nov. 29, 2020 7:03:39 AM hudson.model.AsyncPeriodicWork lambda$doRun$0
INFO: Started Periodic background build discarder
nov. 29, 2020 7:03:39 AM hudson.model.AsyncPeriodicWork lambda$doRun$0
INFO: Finished Periodic background build discarder. 2 ms
nov. 29, 2020 7:55:36 AM hudson.model.AsyncPeriodicWork lambda$doRun$0
INFO: Started Workspace clean-up
nov. 29, 2020 7:55:36 AM hudson.model.AsyncPeriodicWork lambda$doRun$0
INFO: Finished Workspace clean-up. 2 ms
nov. 29, 2020 8:03:39 AM hudson.model.AsyncPeriodicWork lambda$doRun$0
INFO: Started Periodic background build discarder
nov. 29, 2020 8:03:39 AM hudson.model.AsyncPeriodicWork lambda$doRun$0
INFO: Finished Periodic background build discarder. 1 ms
nov. 29, 2020 9:03:39 AM hudson.model.AsyncPeriodicWork lambda$doRun$0
INFO: Started Periodic background build discarder
nov. 29, 2020 9:03:39 AM hudson.model.AsyncPeriodicWork lambda$doRun$0
INFO: Finished Periodic background build discarder. 0 ms
nov. 29, 2020 10:03:39 AM hudson.model.AsyncPeriodicWork lambda$doRun$0
INFO: Started Periodic background build discarder
nov. 29, 2020 10:03:39 AM hudson.model.AsyncPeriodicWork lambda$doRun$0
INFO: Finished Periodic background build discarder. 1 ms
nov. 29, 2020 11:03:39 AM hudson.model.AsyncPeriodicWork lambda$doRun$0
INFO: Started Periodic background build discarder
nov. 29, 2020 11:03:39 AM hudson.model.AsyncPeriodicWork lambda$doRun$0
INFO: Finished Periodic background build discarder. 1 ms
nov. 29, 2020 12:03:39 PM hudson.model.AsyncPeriodicWork lambda$doRun$0
INFO: Started Periodic background build discarder
nov. 29, 2020 12:03:39 PM hudson.model.AsyncPeriodicWork lambda$doRun$0
INFO: Finished Periodic background build discarder. 1 ms
nov. 29, 2020 1:03:39 PM hudson.model.AsyncPeriodicWork lambda$doRun$0
INFO: Started Periodic background build discarder
nov. 29, 2020 1:03:39 PM hudson.model.AsyncPeriodicWork lambda$doRun$0
INFO: Finished Periodic background build discarder. 2 ms
nov. 29, 2020 2:03:39 PM hudson.model.AsyncPeriodicWork lambda$doRun$0
INFO: Started Periodic background build discarder
nov. 29, 2020 2:03:39 PM hudson.model.AsyncPeriodicWork lambda$doRun$0
INFO: Finished Periodic background build discarder. 3 ms
nov. 29, 2020 3:03:39 PM hudson.model.AsyncPeriodicWork lambda$doRun$0
INFO: Started Periodic background build discarder
nov. 29, 2020 3:03:39 PM hudson.model.AsyncPeriodicWork lambda$doRun$0
INFO: Finished Periodic background build discarder. 8 ms
nov. 29, 2020 4:03:40 PM hudson.model.AsyncPeriodicWork lambda$doRun$0
INFO: Started Periodic background build discarder
nov. 29, 2020 4:03:40 PM hudson.model.AsyncPeriodicWork lambda$doRun$0
INFO: Finished Periodic background build discarder. 3 ms
nov. 29, 2020 4:54:57 PM hudson.model.AsyncPeriodicWork lambda$doRun$0
INFO: Started Download metadata
nov. 29, 2020 4:54:58 PM hudson.util.Retrier start
INFO: Attempt #1 to do the action check updates server
nov. 29, 2020 4:55:11 PM hudson.model.DownloadService$Downloadable load
INFO: Obtained the updated data file for hudson.tasks.Maven.MavenInstaller
nov. 29, 2020 4:55:11 PM hudson.model.DownloadService$Downloadable load
INFO: Obtained the updated data file for hudson.tasks.Ant.AntInstaller
nov. 29, 2020 4:55:12 PM hudson.model.DownloadService$Downloadable load
INFO: Obtained the updated data file for hudson.tools.JDKInstaller
nov. 29, 2020 4:55:12 PM hudson.util.Retrier start
INFO: Performed the action check updates server successfully at the attempt #1
nov. 29, 2020 4:55:12 PM hudson.model.AsyncPeriodicWork lambda$doRun$0
INFO: Finished Download metadata. 14 589 ms
nov. 29, 2020 5:03:40 PM hudson.model.AsyncPeriodicWork lambda$doRun$0
INFO: Started Periodic background build discarder
nov. 29, 2020 5:03:40 PM hudson.model.AsyncPeriodicWork lambda$doRun$0
INFO: Finished Periodic background build discarder. 5 ms
nov. 29, 2020 6:03:40 PM hudson.model.AsyncPeriodicWork lambda$doRun$0
INFO: Started Periodic background build discarder
nov. 29, 2020 6:03:40 PM hudson.model.AsyncPeriodicWork lambda$doRun$0
INFO: Finished Periodic background build discarder. 1 ms
nov. 29, 2020 7:03:40 PM hudson.model.AsyncPeriodicWork lambda$doRun$0
INFO: Started Periodic background build discarder
nov. 29, 2020 7:03:40 PM hudson.model.AsyncPeriodicWork lambda$doRun$0
INFO: Finished Periodic background build discarder. 1 ms
nov. 29, 2020 8:03:40 PM hudson.model.AsyncPeriodicWork lambda$doRun$0
INFO: Started Periodic background build discarder
nov. 29, 2020 8:03:40 PM hudson.model.AsyncPeriodicWork lambda$doRun$0
INFO: Finished Periodic background build discarder. 2 ms
nov. 29, 2020 8:33:44 PM hudson.model.AsyncPeriodicWork lambda$doRun$0
INFO: Started Fingerprint cleanup
nov. 29, 2020 8:33:44 PM hudson.model.AsyncPeriodicWork lambda$doRun$0
INFO: Finished Fingerprint cleanup. 6 ms
nov. 29, 2020 9:03:40 PM hudson.model.AsyncPeriodicWork lambda$doRun$0
INFO: Started Periodic background build discarder
nov. 29, 2020 9:03:40 PM hudson.model.AsyncPeriodicWork lambda$doRun$0
INFO: Finished Periodic background build discarder. 1 ms
nov. 29, 2020 10:03:40 PM hudson.model.AsyncPeriodicWork lambda$doRun$0
INFO: Started Periodic background build discarder
nov. 29, 2020 10:03:40 PM hudson.model.AsyncPeriodicWork lambda$doRun$0
INFO: Finished Periodic background build discarder. 2 ms
nov. 29, 2020 11:03:40 PM hudson.model.AsyncPeriodicWork lambda$doRun$0
INFO: Started Periodic background build discarder
nov. 29, 2020 11:03:40 PM hudson.model.AsyncPeriodicWork lambda$doRun$0
INFO: Finished Periodic background build discarder. 4 ms
