nov. 28, 2020 12:03:37 AM hudson.model.AsyncPeriodicWork lambda$doRun$0
INFO: Started Periodic background build discarder
nov. 28, 2020 12:03:37 AM hudson.model.AsyncPeriodicWork lambda$doRun$0
INFO: Finished Periodic background build discarder. 4 ms
nov. 28, 2020 1:03:37 AM hudson.model.AsyncPeriodicWork lambda$doRun$0
INFO: Started Periodic background build discarder
nov. 28, 2020 1:03:37 AM hudson.model.AsyncPeriodicWork lambda$doRun$0
INFO: Finished Periodic background build discarder. 5 ms
nov. 28, 2020 2:03:37 AM hudson.model.AsyncPeriodicWork lambda$doRun$0
INFO: Started Periodic background build discarder
nov. 28, 2020 2:03:37 AM hudson.model.AsyncPeriodicWork lambda$doRun$0
INFO: Finished Periodic background build discarder. 2 ms
nov. 28, 2020 3:03:37 AM hudson.model.AsyncPeriodicWork lambda$doRun$0
INFO: Started Periodic background build discarder
nov. 28, 2020 3:03:37 AM hudson.model.AsyncPeriodicWork lambda$doRun$0
INFO: Finished Periodic background build discarder. 1 ms
nov. 28, 2020 4:03:37 AM hudson.model.AsyncPeriodicWork lambda$doRun$0
INFO: Started Periodic background build discarder
nov. 28, 2020 4:03:37 AM hudson.model.AsyncPeriodicWork lambda$doRun$0
INFO: Finished Periodic background build discarder. 4 ms
nov. 28, 2020 4:35:01 AM hudson.model.AsyncPeriodicWork lambda$doRun$0
INFO: Started telemetry collection
nov. 28, 2020 4:35:02 AM hudson.model.AsyncPeriodicWork lambda$doRun$0
INFO: Finished telemetry collection. 31 ms
nov. 28, 2020 5:03:37 AM hudson.model.AsyncPeriodicWork lambda$doRun$0
INFO: Started Periodic background build discarder
nov. 28, 2020 5:03:37 AM hudson.model.AsyncPeriodicWork lambda$doRun$0
INFO: Finished Periodic background build discarder. 3 ms
nov. 28, 2020 6:03:37 AM hudson.model.AsyncPeriodicWork lambda$doRun$0
INFO: Started Periodic background build discarder
nov. 28, 2020 6:03:37 AM hudson.model.AsyncPeriodicWork lambda$doRun$0
INFO: Finished Periodic background build discarder. 5 ms
nov. 28, 2020 7:03:37 AM hudson.model.AsyncPeriodicWork lambda$doRun$0
INFO: Started Periodic background build discarder
nov. 28, 2020 7:03:37 AM hudson.model.AsyncPeriodicWork lambda$doRun$0
INFO: Finished Periodic background build discarder. 1 ms
nov. 28, 2020 7:55:34 AM hudson.model.AsyncPeriodicWork lambda$doRun$0
INFO: Started Workspace clean-up
nov. 28, 2020 7:55:34 AM hudson.model.AsyncPeriodicWork lambda$doRun$0
INFO: Finished Workspace clean-up. 8 ms
nov. 28, 2020 8:03:37 AM hudson.model.AsyncPeriodicWork lambda$doRun$0
INFO: Started Periodic background build discarder
nov. 28, 2020 8:03:37 AM hudson.model.AsyncPeriodicWork lambda$doRun$0
INFO: Finished Periodic background build discarder. 2 ms
nov. 28, 2020 9:03:37 AM hudson.model.AsyncPeriodicWork lambda$doRun$0
INFO: Started Periodic background build discarder
nov. 28, 2020 9:03:37 AM hudson.model.AsyncPeriodicWork lambda$doRun$0
INFO: Finished Periodic background build discarder. 1 ms
nov. 28, 2020 10:03:37 AM hudson.model.AsyncPeriodicWork lambda$doRun$0
INFO: Started Periodic background build discarder
nov. 28, 2020 10:03:37 AM hudson.model.AsyncPeriodicWork lambda$doRun$0
INFO: Finished Periodic background build discarder. 3 ms
nov. 28, 2020 11:03:37 AM hudson.model.AsyncPeriodicWork lambda$doRun$0
INFO: Started Periodic background build discarder
nov. 28, 2020 11:03:37 AM hudson.model.AsyncPeriodicWork lambda$doRun$0
INFO: Finished Periodic background build discarder. 1 ms
nov. 28, 2020 12:03:38 PM hudson.model.AsyncPeriodicWork lambda$doRun$0
INFO: Started Periodic background build discarder
nov. 28, 2020 12:03:38 PM hudson.model.AsyncPeriodicWork lambda$doRun$0
INFO: Finished Periodic background build discarder. 1 ms
nov. 28, 2020 1:03:38 PM hudson.model.AsyncPeriodicWork lambda$doRun$0
INFO: Started Periodic background build discarder
nov. 28, 2020 1:03:38 PM hudson.model.AsyncPeriodicWork lambda$doRun$0
INFO: Finished Periodic background build discarder. 1 ms
nov. 28, 2020 2:03:38 PM hudson.model.AsyncPeriodicWork lambda$doRun$0
INFO: Started Periodic background build discarder
nov. 28, 2020 2:03:38 PM hudson.model.AsyncPeriodicWork lambda$doRun$0
INFO: Finished Periodic background build discarder. 1 ms
nov. 28, 2020 3:03:38 PM hudson.model.AsyncPeriodicWork lambda$doRun$0
INFO: Started Periodic background build discarder
nov. 28, 2020 3:03:38 PM hudson.model.AsyncPeriodicWork lambda$doRun$0
INFO: Finished Periodic background build discarder. 6 ms
nov. 28, 2020 4:03:38 PM hudson.model.AsyncPeriodicWork lambda$doRun$0
INFO: Started Periodic background build discarder
nov. 28, 2020 4:03:38 PM hudson.model.AsyncPeriodicWork lambda$doRun$0
INFO: Finished Periodic background build discarder. 2 ms
nov. 28, 2020 4:54:56 PM hudson.model.AsyncPeriodicWork lambda$doRun$0
INFO: Started Download metadata
nov. 28, 2020 4:54:56 PM hudson.model.DownloadService$Downloadable load
INFO: Obtained the updated data file for hudson.tasks.Maven.MavenInstaller
nov. 28, 2020 4:54:56 PM hudson.model.DownloadService$Downloadable load
INFO: Obtained the updated data file for hudson.tasks.Ant.AntInstaller
nov. 28, 2020 4:54:57 PM hudson.model.DownloadService$Downloadable load
INFO: Obtained the updated data file for hudson.tools.JDKInstaller
nov. 28, 2020 4:54:57 PM hudson.model.AsyncPeriodicWork lambda$doRun$0
INFO: Finished Download metadata. 1 733 ms
nov. 28, 2020 5:03:38 PM hudson.model.AsyncPeriodicWork lambda$doRun$0
INFO: Started Periodic background build discarder
nov. 28, 2020 5:03:38 PM hudson.model.AsyncPeriodicWork lambda$doRun$0
INFO: Finished Periodic background build discarder. 2 ms
nov. 28, 2020 6:03:38 PM hudson.model.AsyncPeriodicWork lambda$doRun$0
INFO: Started Periodic background build discarder
nov. 28, 2020 6:03:38 PM hudson.model.AsyncPeriodicWork lambda$doRun$0
INFO: Finished Periodic background build discarder. 1 ms
nov. 28, 2020 7:03:38 PM hudson.model.AsyncPeriodicWork lambda$doRun$0
INFO: Started Periodic background build discarder
nov. 28, 2020 7:03:38 PM hudson.model.AsyncPeriodicWork lambda$doRun$0
INFO: Finished Periodic background build discarder. 1 ms
nov. 28, 2020 8:03:38 PM hudson.model.AsyncPeriodicWork lambda$doRun$0
INFO: Started Periodic background build discarder
nov. 28, 2020 8:03:38 PM hudson.model.AsyncPeriodicWork lambda$doRun$0
INFO: Finished Periodic background build discarder. 4 ms
nov. 28, 2020 8:33:42 PM hudson.model.AsyncPeriodicWork lambda$doRun$0
INFO: Started Fingerprint cleanup
nov. 28, 2020 8:33:42 PM hudson.model.AsyncPeriodicWork lambda$doRun$0
INFO: Finished Fingerprint cleanup. 3 ms
nov. 28, 2020 9:03:38 PM hudson.model.AsyncPeriodicWork lambda$doRun$0
INFO: Started Periodic background build discarder
nov. 28, 2020 9:03:38 PM hudson.model.AsyncPeriodicWork lambda$doRun$0
INFO: Finished Periodic background build discarder. 1 ms
nov. 28, 2020 10:03:38 PM hudson.model.AsyncPeriodicWork lambda$doRun$0
INFO: Started Periodic background build discarder
nov. 28, 2020 10:03:38 PM hudson.model.AsyncPeriodicWork lambda$doRun$0
INFO: Finished Periodic background build discarder. 3 ms
nov. 28, 2020 11:03:38 PM hudson.model.AsyncPeriodicWork lambda$doRun$0
INFO: Started Periodic background build discarder
nov. 28, 2020 11:03:38 PM hudson.model.AsyncPeriodicWork lambda$doRun$0
INFO: Finished Periodic background build discarder. 2 ms
