nov. 26, 2020 3:09:35 PM org.apache.catalina.core.ApplicationContext log
INFO: ContextListener: contextInitialized()
nov. 26, 2020 3:09:35 PM org.apache.catalina.core.ApplicationContext log
INFO: SessionListener: contextInitialized()
nov. 26, 2020 3:09:35 PM org.apache.catalina.core.ApplicationContext log
INFO: ContextListener: attributeAdded('StockTicker', 'async.Stockticker@66372301')
nov. 26, 2020 3:09:35 PM org.apache.catalina.core.ApplicationContext log
INFO: ContextListener: attributeAdded('org.apache.jasper.compiler.TldLocationsCache', 'org.apache.jasper.compiler.TldLocationsCache@4970910a')
nov. 26, 2020 3:09:35 PM org.apache.catalina.core.ApplicationContext log
INFO: SessionListener: contextDestroyed()
nov. 26, 2020 3:09:35 PM org.apache.catalina.core.ApplicationContext log
INFO: ContextListener: contextDestroyed()
nov. 26, 2020 3:13:35 PM org.apache.catalina.core.ApplicationContext log
INFO: ContextListener: contextInitialized()
nov. 26, 2020 3:13:35 PM org.apache.catalina.core.ApplicationContext log
INFO: SessionListener: contextInitialized()
nov. 26, 2020 3:13:35 PM org.apache.catalina.core.ApplicationContext log
INFO: ContextListener: attributeAdded('StockTicker', 'async.Stockticker@4e28b6e2')
nov. 26, 2020 3:13:35 PM org.apache.catalina.core.ApplicationContext log
INFO: ContextListener: attributeAdded('org.apache.jasper.compiler.TldLocationsCache', 'org.apache.jasper.compiler.TldLocationsCache@72ce3479')
nov. 26, 2020 3:13:36 PM org.apache.catalina.core.ApplicationContext log
INFO: SessionListener: contextDestroyed()
nov. 26, 2020 3:13:36 PM org.apache.catalina.core.ApplicationContext log
INFO: ContextListener: contextDestroyed()
nov. 26, 2020 3:15:34 PM org.apache.catalina.core.ApplicationContext log
INFO: ContextListener: contextInitialized()
nov. 26, 2020 3:15:34 PM org.apache.catalina.core.ApplicationContext log
INFO: SessionListener: contextInitialized()
nov. 26, 2020 3:15:34 PM org.apache.catalina.core.ApplicationContext log
INFO: ContextListener: attributeAdded('StockTicker', 'async.Stockticker@31f7f783')
nov. 26, 2020 3:15:34 PM org.apache.catalina.core.ApplicationContext log
INFO: ContextListener: attributeAdded('org.apache.jasper.compiler.TldLocationsCache', 'org.apache.jasper.compiler.TldLocationsCache@77d9f5d2')
nov. 26, 2020 3:15:34 PM org.apache.catalina.core.ApplicationContext log
INFO: SessionListener: contextDestroyed()
nov. 26, 2020 3:15:34 PM org.apache.catalina.core.ApplicationContext log
INFO: ContextListener: contextDestroyed()
nov. 26, 2020 3:19:01 PM org.apache.catalina.core.ApplicationContext log
INFO: ContextListener: contextInitialized()
nov. 26, 2020 3:19:01 PM org.apache.catalina.core.ApplicationContext log
INFO: SessionListener: contextInitialized()
nov. 26, 2020 3:19:01 PM org.apache.catalina.core.ApplicationContext log
INFO: ContextListener: attributeAdded('StockTicker', 'async.Stockticker@31f7f783')
nov. 26, 2020 3:19:01 PM org.apache.catalina.core.ApplicationContext log
INFO: ContextListener: attributeAdded('org.apache.jasper.compiler.TldLocationsCache', 'org.apache.jasper.compiler.TldLocationsCache@77d9f5d2')
nov. 26, 2020 3:19:01 PM org.apache.catalina.core.ApplicationContext log
INFO: SessionListener: contextDestroyed()
nov. 26, 2020 3:19:01 PM org.apache.catalina.core.ApplicationContext log
INFO: ContextListener: contextDestroyed()
nov. 26, 2020 3:19:15 PM org.apache.catalina.core.ApplicationContext log
INFO: ContextListener: contextInitialized()
nov. 26, 2020 3:19:15 PM org.apache.catalina.core.ApplicationContext log
INFO: SessionListener: contextInitialized()
nov. 26, 2020 3:19:15 PM org.apache.catalina.core.ApplicationContext log
INFO: ContextListener: attributeAdded('StockTicker', 'async.Stockticker@14e9cf97')
nov. 26, 2020 3:19:15 PM org.apache.catalina.core.ApplicationContext log
INFO: ContextListener: attributeAdded('org.apache.jasper.compiler.TldLocationsCache', 'org.apache.jasper.compiler.TldLocationsCache@7f0e8a2b')
nov. 26, 2020 3:21:01 PM org.apache.catalina.core.ApplicationContext log
INFO: SessionListener: contextDestroyed()
nov. 26, 2020 3:21:01 PM org.apache.catalina.core.ApplicationContext log
INFO: ContextListener: contextDestroyed()
nov. 26, 2020 3:21:12 PM org.apache.catalina.core.ApplicationContext log
INFO: ContextListener: contextInitialized()
nov. 26, 2020 3:21:12 PM org.apache.catalina.core.ApplicationContext log
INFO: SessionListener: contextInitialized()
nov. 26, 2020 3:21:12 PM org.apache.catalina.core.ApplicationContext log
INFO: ContextListener: attributeAdded('StockTicker', 'async.Stockticker@6c4cd0e')
nov. 26, 2020 3:21:12 PM org.apache.catalina.core.ApplicationContext log
INFO: ContextListener: attributeAdded('org.apache.jasper.compiler.TldLocationsCache', 'org.apache.jasper.compiler.TldLocationsCache@5750d3a')
nov. 26, 2020 3:21:50 PM org.apache.catalina.core.ApplicationContext log
INFO: SessionListener: contextDestroyed()
nov. 26, 2020 3:21:50 PM org.apache.catalina.core.ApplicationContext log
INFO: ContextListener: contextDestroyed()
nov. 26, 2020 3:23:04 PM org.apache.catalina.core.ApplicationContext log
INFO: ContextListener: contextInitialized()
nov. 26, 2020 3:23:04 PM org.apache.catalina.core.ApplicationContext log
INFO: SessionListener: contextInitialized()
nov. 26, 2020 3:23:04 PM org.apache.catalina.core.ApplicationContext log
INFO: ContextListener: attributeAdded('StockTicker', 'async.Stockticker@5bf2a416')
nov. 26, 2020 3:23:04 PM org.apache.catalina.core.ApplicationContext log
INFO: ContextListener: attributeAdded('org.apache.jasper.compiler.TldLocationsCache', 'org.apache.jasper.compiler.TldLocationsCache@56f70fc2')
nov. 26, 2020 4:34:17 PM org.apache.catalina.core.ApplicationContext log
INFO: SessionListener: contextDestroyed()
nov. 26, 2020 4:34:17 PM org.apache.catalina.core.ApplicationContext log
INFO: ContextListener: contextDestroyed()
nov. 26, 2020 4:34:23 PM org.apache.catalina.core.ApplicationContext log
INFO: ContextListener: contextInitialized()
nov. 26, 2020 4:34:23 PM org.apache.catalina.core.ApplicationContext log
INFO: SessionListener: contextInitialized()
nov. 26, 2020 4:34:23 PM org.apache.catalina.core.ApplicationContext log
INFO: ContextListener: attributeAdded('StockTicker', 'async.Stockticker@5bf2a416')
nov. 26, 2020 4:34:23 PM org.apache.catalina.core.ApplicationContext log
INFO: ContextListener: attributeAdded('org.apache.jasper.compiler.TldLocationsCache', 'org.apache.jasper.compiler.TldLocationsCache@56f70fc2')
nov. 26, 2020 4:40:08 PM org.apache.catalina.core.ApplicationContext log
INFO: ContextListener: contextInitialized()
nov. 26, 2020 4:40:08 PM org.apache.catalina.core.ApplicationContext log
INFO: SessionListener: contextInitialized()
nov. 26, 2020 4:40:08 PM org.apache.catalina.core.ApplicationContext log
INFO: ContextListener: attributeAdded('StockTicker', 'async.Stockticker@6c7002b9')
nov. 26, 2020 4:40:08 PM org.apache.catalina.core.ApplicationContext log
INFO: ContextListener: attributeAdded('org.apache.jasper.compiler.TldLocationsCache', 'org.apache.jasper.compiler.TldLocationsCache@62e5a5ec')
nov. 26, 2020 4:54:46 PM org.apache.catalina.core.ApplicationContext log
INFO: ContextListener: contextInitialized()
nov. 26, 2020 4:54:46 PM org.apache.catalina.core.ApplicationContext log
INFO: SessionListener: contextInitialized()
nov. 26, 2020 4:54:46 PM org.apache.catalina.core.ApplicationContext log
INFO: ContextListener: attributeAdded('StockTicker', 'async.Stockticker@2b86ec4c')
nov. 26, 2020 4:54:46 PM org.apache.catalina.core.ApplicationContext log
INFO: ContextListener: attributeAdded('org.apache.jasper.compiler.TldLocationsCache', 'org.apache.jasper.compiler.TldLocationsCache@5fb21d48')
